<?xml version="1.0" encoding="UTF-8"?>
<!-- Generated by org.testng.reporters.JUnitReportReporter -->
<testsuite hostname="LAPTOP-LMAEDH4M" failures="0" tests="2" name="com.Tests.LoginPageTest" time="0.517" errors="0" timestamp="2025-05-04T21:25:20 IST" skipped="0">
  <testcase classname="com.Tests.LoginPageTest" name="it_should_navigate_to_the_home_page" time="0.483"/>
  <testcase classname="com.Tests.LoginPageTest" name="it_should_navigate_to_the_search_result_page_and_display_relevant_details" time="0.034"/>
</testsuite> <!-- com.Tests.LoginPageTest -->
