<?xml version="1.0" encoding="UTF-8"?>
<!-- Generated by org.testng.reporters.JUnitReportReporter -->
<testsuite hostname="LAPTOP-LMAEDH4M" failures="0" tests="2" name="com.Tests.endtoendTest" time="0.804" errors="0" timestamp="2025-05-05T12:42:14 IST" skipped="0">
  <testcase classname="com.Tests.endtoendTest" name="userNavigatesToInventoryPageWithCorrectCredentials" time="0.560"/>
  <testcase classname="com.Tests.endtoendTest" name="tearDown" time="0.244"/>
</testsuite> <!-- com.Tests.endtoendTest -->
