<?xml version="1.0" encoding="UTF-8"?>
<!-- Generated by org.testng.reporters.JUnitReportReporter -->
<testsuite hostname="LAPTOP-LMAEDH4M" failures="0" tests="3" name="com.Tests.LoginPage_testcase" time="0.608" errors="0" timestamp="2025-05-04T18:31:13 IST" skipped="0">
  <testcase classname="com.Tests.LoginPage_testcase" name="it_should_Navigate_to_the_Home_page" time="0.087"/>
  <testcase classname="com.Tests.LoginPage_testcase" name="user_enter_the_Text_in_the_Search_field" time="0.458"/>
  <testcase classname="com.Tests.LoginPage_testcase" name="it_should_navigate_to_the_search_result_page_and_display_the_relevant_details" time="0.063"/>
</testsuite> <!-- com.Tests.LoginPage_testcase -->
