<?xml version="1.0" encoding="UTF-8"?>
<!-- Generated by org.testng.reporters.JUnitReportReporter -->
<testsuite hostname="LAPTOP-LMAEDH4M" failures="0" tests="3" name="com.Stepdefinitions.SearchMobile_Testcase" time="0.674" errors="0" timestamp="2025-05-04T16:24:05 IST" skipped="0">
  <testcase classname="com.Stepdefinitions.SearchMobile_Testcase" name="it_should_Navigate_to_the_Home_page" time="0.098"/>
  <testcase classname="com.Stepdefinitions.SearchMobile_Testcase" name="user_enter_the_Text_in_the_Search_field" time="0.499"/>
  <testcase classname="com.Stepdefinitions.SearchMobile_Testcase" name="it_should_navigate_to_the_search_result_page_and_display_the_relevant_details" time="0.077"/>
</testsuite> <!-- com.Stepdefinitions.SearchMobile_Testcase -->
