<?xml version="1.0" encoding="UTF-8"?>
<!-- Generated by org.testng.reporters.JUnitReportReporter -->
<testsuite hostname="LAPTOP-LMAEDH4M" failures="0" tests="1" name="com.Tests.InvalidLoginTest" time="0.569" errors="0" timestamp="2025-05-04T21:25:59 IST" skipped="0">
  <testcase classname="com.Tests.InvalidLoginTest" name="testLoginWithInvalidCredentials" time="0.569"/>
</testsuite> <!-- com.Tests.InvalidLoginTest -->
